RUN	computerdatabase.MySimulation	mysimulation	1723447671568	 	3.11.5
USER	My Scenario	START	1723447675008
USER	My Scenario	START	1723447675008
USER	My Scenario	START	1723447675009
USER	My Scenario	START	1723447675011
USER	My Scenario	START	1723447675011
USER	My Scenario	START	1723447675010
USER	My Scenario	START	1723447675013
USER	My Scenario	START	1723447675018
USER	My Scenario	START	1723447675021
USER	My Scenario	START	1723447675023
REQUEST		Post JSON Request	1723447674974	1723447677148	KO	status.find.is(201), but actually found 401
REQUEST		Post JSON Request	1723447674970	1723447677149	KO	status.find.is(201), but actually found 401
REQUEST		Post JSON Request	1723447674972	1723447677149	KO	status.find.is(201), but actually found 401
REQUEST		Post JSON Request	1723447675020	1723447677148	KO	status.find.is(201), but actually found 401
REQUEST		Post JSON Request	1723447674975	1723447677148	KO	status.find.is(201), but actually found 401
USER	My Scenario	END	1723447677340
USER	My Scenario	END	1723447677341
USER	My Scenario	END	1723447677341
USER	My Scenario	END	1723447677341
REQUEST		Post JSON Request	1723447674970	1723447677344	KO	status.find.is(201), but actually found 401
USER	My Scenario	END	1723447677350
USER	My Scenario	END	1723447677353
REQUEST		Post JSON Request	1723447674981	1723447678779	KO	status.find.is(201), but actually found 401
USER	My Scenario	END	1723447678794
REQUEST		Post JSON Request	1723447675019	1723447685068	KO	i.n.h.s.SslHandshakeTimeoutException: handshake timed out after 10000ms
REQUEST		Post JSON Request	1723447674980	1723447685059	KO	i.n.h.s.SslHandshakeTimeoutException: handshake timed out after 10000ms
USER	My Scenario	END	1723447685092
USER	My Scenario	END	1723447685092
REQUEST		Post JSON Request	1723447674970	1723447686279	KO	status.find.is(201), but actually found 401
USER	My Scenario	END	1723447686285
