[0m[[0m[0mdebug[0m] [0m[0m> Exec(early(addDefaultCommands), None, None)[0m
[0m[[0m[0mdebug[0m] [0m[0m> Exec(addDefaultCommands, None, None)[0m
[0m[[0m[0mdebug[0m] [0m[0m> Exec(early(initialize), None, None)[0m
[0m[[0m[0mdebug[0m] [0m[0m> Exec(initialize, None, None)[0m
[0m[[0m[0mdebug[0m] [0m[0m> Exec(boot, None, None)[0m
[0m[[0m[0mdebug[0m] [0m[0m> Exec(writeSbtVersion, None, None)[0m
[0m[[0m[0mdebug[0m] [0m[0m> Exec(reload, None, None)[0m
[0m[[0m[0mdebug[0m] [0m[0m> Exec(sbtStashOnFailure, None, None)[0m
[0m[[0m[0mdebug[0m] [0m[0m> Exec(onFailure loadFailed, None, None)[0m
[0m[[0m[0mdebug[0m] [0m[0m> Exec(loadp, None, None)[0m
[0m[[0m[0minfo[0m] [0m[0mwelcome to sbt 1.10.1 (Homebrew Java 22.0.2)[0m
[0m[[0m[0mdebug[0m] [0m[0mLoad.defaultLoad until apply took 252.284975ms[0m
[0m[[0m[0mdebug[0m] [0m[0m          Load.loadUnit: plugins took 215.515479ms[0m
[0m[[0m[0mdebug[0m] [0m[0m          Load.loadUnit: defsScala took 0.6437ms[0m
[0m[[0m[0mdebug[0m] [0m[0m[Loading] Scanning directory /mnt/c/Users/Cyntexa/Documents/Gatling/project[0m
[0m[[0m[0mdebug[0m] [0m[0m            Load.loadUnit: mkEval took 27.785498ms[0m
[0m[[0m[0mdebug[0m] [0m[0m[Loading] Found non-root projects [0m
[0m[[0m[0mdebug[0m] [0m[0m[Loading] Done in /mnt/c/Users/Cyntexa/Documents/Gatling/project, returning: ()[0m
[0m[[0m[0mdebug[0m] [0m[0mdeducing auto plugins based on known facts Set(Atom(sbt.plugins.CorePlugin)) and clauses Clauses(Clause(Atom(sbt.plugins.JvmPlugin),Set(Atom(sbt.plugins.IvyPlugin)))[0m
[0m[[0m[0mdebug[0m] [0m[0mClause(Atom(sbt.ScriptedPlugin),Set(Atom(sbt.plugins.JvmPlugin)))[0m
[0m[[0m[0mdebug[0m] [0m[0mClause(Atom(sbt.plugins.SbtPlugin),Set(Atom(sbt.ScriptedPlugin)))[0m
[0m[[0m[0mdebug[0m] [0m[0mClause(Atom(sbt.plugins.SemanticdbPlugin),Set(Atom(sbt.plugins.JvmPlugin)))[0m
[0m[[0m[0mdebug[0m] [0m[0mClause(Atom(sbt.plugins.JUnitXmlReportPlugin),Set(Atom(sbt.plugins.JvmPlugin)))[0m
[0m[[0m[0mdebug[0m] [0m[0mClause(Atom(sbt.plugins.MiniDependencyTreePlugin),Set(Atom(sbt.plugins.JvmPlugin)))[0m
[0m[[0m[0mdebug[0m] [0m[0mClause(Atom(sbt.plugins.CorePlugin),Set(Atom(sbt.plugins.IvyPlugin)))[0m
[0m[[0m[0mdebug[0m] [0m[0mClause(Atom(sbt.plugins.IvyPlugin),Set(Atom(sbt.plugins.JvmPlugin)))[0m
[0m[[0m[0mdebug[0m] [0m[0mClause(Atom(sbt.plugins.JvmPlugin),Set(Atom(sbt.plugins.SemanticdbPlugin)))[0m
[0m[[0m[0mdebug[0m] [0m[0mClause(Atom(sbt.plugins.JvmPlugin),Set(Atom(sbt.plugins.JUnitXmlReportPlugin)))[0m
[0m[[0m[0mdebug[0m] [0m[0mClause(Atom(sbt.plugins.CorePlugin),Set(Atom(sbt.plugins.Giter8TemplatePlugin)))[0m
[0m[[0m[0mdebug[0m] [0m[0mClause(Atom(sbt.plugins.JvmPlugin),Set(Atom(sbt.plugins.MiniDependencyTreePlugin))))[0m
[0m[[0m[0mdebug[0m] [0m[0m  :: deduced result: Matched(sbt.plugins.CorePlugin,sbt.plugins.Giter8TemplatePlugin,sbt.plugins.IvyPlugin,sbt.plugins.JvmPlugin,sbt.plugins.MiniDependencyTreePlugin,sbt.plugins.JUnitXmlReportPlugin,sbt.plugins.SemanticdbPlugin)[0m
[0m[[0m[0mdebug[0m] [0m[0mPlugins.deducer#function took 33.502296 ms[0m
[0m[[0m[0minfo[0m] [0m[0mloading settings for project gatling-build from plugins.sbt ...[0m
[0m[[0m[0mdebug[0m] [0m[0m              Load.resolveProject(gatling-build) took 62.809194ms[0m
[0m[[0m[0mdebug[0m] [0m[0m            Load.loadTransitive: finalizeProject(Project(id gatling-build, base: /mnt/c/Users/Cyntexa/Documents/Gatling/project, plugins: List(<none>))) took 136.349587ms[0m
[0m[[0m[0mdebug[0m] [0m[0m[Loading] Done in /mnt/c/Users/Cyntexa/Documents/Gatling/project, returning: (gatling-build)[0m
[0m[[0m[0mdebug[0m] [0m[0m          Load.loadUnit: loadedProjectsRaw took 1023.356599ms[0m
[0m[[0m[0mdebug[0m] [0m[0m          Load.loadUnit: cleanEvalClasses took 80.123092ms[0m
[0m[[0m[0mdebug[0m] [0m[0m        Load.loadUnit(file:/mnt/c/Users/Cyntexa/Documents/Gatling/project/, ...) took 1357.472965ms[0m
[0m[[0m[0mdebug[0m] [0m[0m      Load.apply: load took 1601.737441ms[0m
[0m[[0m[0mdebug[0m] [0m[0m      Load.apply: resolveProjects took 8.742699ms[0m
[0m[[0m[0mdebug[0m] [0m[0m      Load.apply: finalTransforms took 108.144389ms[0m
[0m[[0m[0mdebug[0m] [0m[0m      Load.apply: config.delegates took 12.589599ms[0m
[0m[[0m[0mdebug[0m] [0m[0m      Load.apply: Def.make(settings)... took 740.120326ms[0m
[0m[[0m[0mdebug[0m] [0m[0m      Load.apply: structureIndex took 173.997982ms[0m
[0m[[0m[0mdebug[0m] [0m[0m      Load.apply: mkStreams took 4.3349ms[0m
[0m[[0m[0minfo[0m] [0m[0mloading project definition from /mnt/c/Users/Cyntexa/Documents/Gatling/project[0m
[0m[[0m[0mdebug[0m] [0m[0mRunning task... Cancel: Signal, check cycles: false, forcegc: true[0m
[0m[[0m[0mdebug[0m] [0m[0m    Load.loadUnit: plugins took 5120.307307ms[0m
[0m[[0m[0mdebug[0m] [0m[0m    Load.loadUnit: defsScala took 0.0106ms[0m
[0m[[0m[0mdebug[0m] [0m[0m[Loading] Scanning directory /mnt/c/Users/Cyntexa/Documents/Gatling[0m
[0m[[0m[0mdebug[0m] [0m[0m      Load.loadUnit: mkEval took 3.688496ms[0m
[0m[[0m[0mdebug[0m] [0m[0m[Loading] Found non-root projects [0m
[0m[[0m[0mdebug[0m] [0m[0m[Loading] Done in /mnt/c/Users/Cyntexa/Documents/Gatling, returning: ()[0m
[0m[[0m[0mdebug[0m] [0m[0mdeducing auto plugins based on known facts Set(Atom(io.gatling.sbt.GatlingPlugin), Atom(sbt.plugins.CorePlugin)) and clauses Clauses(Clause(Atom(sbt.plugins.JvmPlugin),Set(Atom(sbt.plugins.IvyPlugin)))[0m
[0m[[0m[0mdebug[0m] [0m[0mClause(Atom(sbt.ScriptedPlugin),Set(Atom(sbt.plugins.JvmPlugin)))[0m
[0m[[0m[0mdebug[0m] [0m[0mClause(Atom(sbt.plugins.SbtPlugin),Set(Atom(sbt.ScriptedPlugin)))[0m
[0m[[0m[0mdebug[0m] [0m[0mClause(Atom(sbt.plugins.SemanticdbPlugin),Set(Atom(sbt.plugins.JvmPlugin)))[0m
[0m[[0m[0mdebug[0m] [0m[0mClause(Atom(sbt.plugins.JUnitXmlReportPlugin),Set(Atom(sbt.plugins.JvmPlugin)))[0m
[0m[[0m[0mdebug[0m] [0m[0mClause(Atom(sbt.plugins.MiniDependencyTreePlugin),Set(Atom(sbt.plugins.JvmPlugin)))[0m
[0m[[0m[0mdebug[0m] [0m[0mClause(Atom(io.gatling.sbt.GatlingPlugin),Set(Atom(sbt.plugins.JvmPlugin)))[0m
[0m[[0m[0mdebug[0m] [0m[0mClause(Atom(sbt.plugins.CorePlugin),Set(Atom(sbt.plugins.IvyPlugin)))[0m
[0m[[0m[0mdebug[0m] [0m[0mClause(Atom(sbt.plugins.IvyPlugin),Set(Atom(sbt.plugins.JvmPlugin)))[0m
[0m[[0m[0mdebug[0m] [0m[0mClause(Atom(sbt.plugins.JvmPlugin),Set(Atom(sbt.plugins.SemanticdbPlugin)))[0m
[0m[[0m[0mdebug[0m] [0m[0mClause(Atom(sbt.plugins.JvmPlugin),Set(Atom(sbt.plugins.JUnitXmlReportPlugin)))[0m
[0m[[0m[0mdebug[0m] [0m[0mClause(Atom(sbt.plugins.CorePlugin),Set(Atom(sbt.plugins.Giter8TemplatePlugin)))[0m
[0m[[0m[0mdebug[0m] [0m[0mClause(Atom(sbt.plugins.JvmPlugin),Set(Atom(sbt.plugins.MiniDependencyTreePlugin))))[0m
[0m[[0m[0mdebug[0m] [0m[0m  :: deduced result: Matched(sbt.plugins.CorePlugin,io.gatling.sbt.GatlingPlugin,sbt.plugins.Giter8TemplatePlugin,sbt.plugins.IvyPlugin,sbt.plugins.JvmPlugin,sbt.plugins.MiniDependencyTreePlugin,sbt.plugins.JUnitXmlReportPlugin,sbt.plugins.SemanticdbPlugin)[0m
[0m[[0m[0mdebug[0m] [0m[0mPlugins.deducer#function took 7.045793 ms[0m
[0m[[0m[0minfo[0m] [0m[0mloading settings for project gatling from build.sbt ...[0m
[0m[[0m[0mdebug[0m] [0m[0m        Load.resolveProject(gatling) took 60.386043ms[0m
[0m[[0m[0mdebug[0m] [0m[0m      Load.loadTransitive: finalizeProject(Project(id gatling, base: /mnt/c/Users/Cyntexa/Documents/Gatling, plugins: List(<none>))) took 72.084233ms[0m
[0m[[0m[0mdebug[0m] [0m[0m[Loading] Done in /mnt/c/Users/Cyntexa/Documents/Gatling, returning: (gatling)[0m
[0m[[0m[0mdebug[0m] [0m[0m    Load.loadUnit: loadedProjectsRaw took 567.162273ms[0m
[0m[[0m[0mdebug[0m] [0m[0m    Load.loadUnit: cleanEvalClasses took 277.712542ms[0m
[0m[[0m[0mdebug[0m] [0m[0m  Load.loadUnit(file:/mnt/c/Users/Cyntexa/Documents/Gatling/, ...) took 5968.697419ms[0m
[0m[[0m[0mdebug[0m] [0m[0mLoad.apply: load took 6069.751506ms[0m
[0m[[0m[0mdebug[0m] [0m[0mLoad.apply: resolveProjects took 0.2154ms[0m
[0m[[0m[0mdebug[0m] [0m[0mLoad.apply: finalTransforms took 32.79547ms[0m
[0m[[0m[0mdebug[0m] [0m[0mLoad.apply: config.delegates took 1.570598ms[0m
[0m[[0m[0mdebug[0m] [0m[0mLoad.apply: Def.make(settings)... took 344.154681ms[0m
[0m[[0m[0mdebug[0m] [0m[0mLoad.apply: structureIndex took 129.57008ms[0m
[0m[[0m[0mdebug[0m] [0m[0mLoad.apply: mkStreams took 0.0038ms[0m
[0m[[0m[0minfo[0m] [0m[0mset current project to gatling (in build file:/mnt/c/Users/Cyntexa/Documents/Gatling/)[0m
[0m[[0m[0mdebug[0m] [0m[0m> Exec(sbtPopOnFailure, None, None)[0m
[0m[[0m[0mdebug[0m] [0m[0m> Exec(resumeFromFailure, None, None)[0m
[0m[[0m[0mdebug[0m] [0m[0m> Exec(notifyUsersAboutShell, None, None)[0m
[0m[[0m[0mdebug[0m] [0m[0m> Exec(iflast shell, None, None)[0m
[0m[[0m[0mdebug[0m] [0m[0m> Exec(Gatling/test, None, None)[0m
[0m[[0m[0mdebug[0m] [0m[0mEvaluating tasks: Gatling / test[0m
[0m[[0m[0mdebug[0m] [0m[0mRunning task... Cancel: Signal, check cycles: false, forcegc: true[0m
[0m[[0m[0minfo[0m] [0m[0mcompiling 1 Scala source to /mnt/c/Users/Cyntexa/Documents/Gatling/target/scala-2.13/test-classes ...[0m
[0m[[0m[0minfo[0m] [0m[0mSimulation(s) execution ended.[0m
[0m[[0m[31merror[0m] [0m[0mError during tests:[0m
[0m[[0m[31merror[0m] [0m[0m	Running java with options -classpath /mnt/c/Users/Cyntexa/Documents/Gatling/target/scala-2.13/test-classes:/mnt/c/Users/Cyntexa/Documents/Gatling/target/scala-2.13/classes:/home/thor/.cache/coursier/v1/https/repo1.maven.org/maven2/org/scala-lang/scala-library/2.13.14/scala-library-2.13.14.jar:/home/thor/.cache/coursier/v1/https/repo1.maven.org/maven2/io/gatling/highcharts/gatling-charts-highcharts/3.11.5/gatling-charts-highcharts-3.11.5.jar:/home/thor/.cache/coursier/v1/https/repo1.maven.org/maven2/io/gatling/gatling-test-framework/3.11.5/gatling-test-framework-3.11.5.jar:/home/thor/.cache/coursier/v1/https/repo1.maven.org/maven2/io/gatling/gatling-app/3.11.5/gatling-app-3.11.5.jar:/home/thor/.cache/coursier/v1/https/repo1.maven.org/maven2/io/gatling/gatling-recorder/3.11.5/gatling-recorder-3.11.5.jar:/home/thor/.cache/coursier/v1/https/repo1.maven.org/maven2/io/gatling/gatling-shared-cli/0.0.3/gatling-shared-cli-0.0.3.jar:/home/thor/.cache/coursier/v1/https/repo1.maven.org/maven2/org/scala-sbt/test-interface/1.0/test-interface-1.0.jar:/home/thor/.cache/coursier/v1/https/repo1.maven.org/maven2/io/gatling/gatling-core/3.11.5/gatling-core-3.11.5.jar:/home/thor/.cache/coursier/v1/https/repo1.maven.org/maven2/io/gatling/gatling-core-java/3.11.5/gatling-core-java-3.11.5.jar:/home/thor/.cache/coursier/v1/https/repo1.maven.org/maven2/io/gatling/gatling-http/3.11.5/gatling-http-3.11.5.jar:/home/thor/.cache/coursier/v1/https/repo1.maven.org/maven2/io/gatling/gatling-http-java/3.11.5/gatling-http-java-3.11.5.jar:/home/thor/.cache/coursier/v1/https/repo1.maven.org/maven2/io/gatling/gatling-jms/3.11.5/gatling-jms-3.11.5.jar:/home/thor/.cache/coursier/v1/https/repo1.maven.org/maven2/io/gatling/gatling-jms-java/3.11.5/gatling-jms-java-3.11.5.jar:/home/thor/.cache/coursier/v1/https/repo1.maven.org/maven2/io/gatling/gatling-jdbc/3.11.5/gatling-jdbc-3.11.5.jar:/home/thor/.cache/coursier/v1/https/repo1.maven.org/maven2/io/gatling/gatling-jdbc-java/3.11.5/gatling-jdbc-java-3.11.5.jar:/home/thor/.cache/coursier/v1/https/repo1.maven.org/maven2/io/gatling/gatling-redis/3.11.5/gatling-redis-3.11.5.jar:/home/thor/.cache/coursier/v1/https/repo1.maven.org/maven2/io/gatling/gatling-redis-java/3.11.5/gatling-redis-java-3.11.5.jar:/home/thor/.cache/coursier/v1/https/repo1.maven.org/maven2/io/gatling/gatling-graphite/3.11.5/gatling-graphite-3.11.5.jar:/home/thor/.cache/coursier/v1/https/repo1.maven.org/maven2/io/gatling/gatling-charts/3.11.5/gatling-charts-3.11.5.jar:/home/thor/.cache/coursier/v1/https/repo1.maven.org/maven2/org/scala-lang/modules/scala-swing_2.13/3.0.0/scala-swing_2.13-3.0.0.jar:/home/thor/.cache/coursier/v1/https/repo1.maven.org/maven2/com/fasterxml/jackson/core/jackson-databind/2.17.1/jackson-databind-2.17.1.jar:/home/thor/.cache/coursier/v1/https/repo1.maven.org/maven2/io/gatling/gatling-recorder-bc-shaded/1.78.1/gatling-recorder-bc-shaded-1.78.1.jar:/home/thor/.cache/coursier/v1/https/repo1.maven.org/maven2/io/netty/netty-codec-http/4.1.111.Final/netty-codec-http-4.1.111.Final.jar:/home/thor/.cache/coursier/v1/https/repo1.maven.org/maven2/com/typesafe/akka/akka-actor_2.13/2.6.20/akka-actor_2.13-2.6.20.jar:/home/thor/.cache/coursier/v1/https/repo1.maven.org/maven2/com/softwaremill/quicklens/quicklens_2.13/1.9.7/quicklens_2.13-1.9.7.jar:/home/thor/.cache/coursier/v1/https/repo1.maven.org/maven2/com/github/spotbugs/spotbugs-annotations/4.8.6/spotbugs-annotations-4.8.6.jar:/home/thor/.cache/coursier/v1/https/repo1.maven.org/maven2/io/gatling/gatling-netty-util/3.11.5/gatling-netty-util-3.11.5.jar:/home/thor/.cache/coursier/v1/https/repo1.maven.org/maven2/io/gatling/gatling-commons/3.11.5/gatling-commons-3.11.5.jar:/home/thor/.cache/coursier/v1/https/repo1.maven.org/maven2/io/gatling/gatling-jsonpath/3.11.5/gatling-jsonpath-3.11.5.jar:/home/thor/.cache/coursier/v1/https/repo1.maven.org/maven2/io/gatling/gatling-shared-model_2.13/0.0.6/gatling-shared-model_2.13-0.0.6.jar:/home/thor/.cache/coursier/v1/https/repo1.maven.org/maven2/com/typesafe/akka/akka-slf4j_2.13/2.6.20/akka-slf4j_2.13-2.6.20.jar:/home/thor/.cache/coursier/v1/https/repo1.maven.org/maven2/org/simpleflatmapper/lightning-csv/8.2.3/lightning-csv-8.2.3.jar:/home/thor/.cache/coursier/v1/https/repo1.maven.org/maven2/com/github/ben-manes/caffeine/caffeine/3.1.8/caffeine-3.1.8.jar:/home/thor/.cache/coursier/v1/https/repo1.maven.org/maven2/io/pebbletemplates/pebble/3.2.2/pebble-3.2.2.jar:/home/thor/.cache/coursier/v1/https/repo1.maven.org/maven2/org/scala-lang/modules/scala-parser-combinators_2.13/2.4.0/scala-parser-combinators_2.13-2.4.0.jar:/home/thor/.cache/coursier/v1/https/repo1.maven.org/maven2/com/github/scopt/scopt_2.13/3.7.1/scopt_2.13-3.7.1.jar:/home/thor/.cache/coursier/v1/https/repo1.maven.org/maven2/io/netty/netty-handler/4.1.111.Final/netty-handler-4.1.111.Final.jar:/home/thor/.cache/coursier/v1/https/repo1.maven.org/maven2/io/netty/netty-tcnative-classes/2.0.65.Final/netty-tcnative-classes-2.0.65.Final.jar:/home/thor/.cache/coursier/v1/https/repo1.maven.org/maven2/io/netty/netty-tcnative-boringssl-static/2.0.65.Final/netty-tcnative-boringssl-static-2.0.65.Final.jar:/home/thor/.cache/coursier/v1/https/repo1.maven.org/maven2/io/netty/netty-tcnative-boringssl-static/2.0.65.Final/netty-tcnative-boringssl-static-2.0.65.Final-linux-x86_64.jar:/home/thor/.cache/coursier/v1/https/repo1.maven.org/maven2/io/netty/netty-tcnative-boringssl-static/2.0.65.Final/netty-tcnative-boringssl-static-2.0.65.Final-linux-aarch_64.jar:/home/thor/.cache/coursier/v1/https/repo1.maven.org/maven2/io/netty/netty-tcnative-boringssl-static/2.0.65.Final/netty-tcnative-boringssl-static-2.0.65.Final-osx-x86_64.jar:/home/thor/.cache/coursier/v1/https/repo1.maven.org/maven2/io/netty/netty-tcnative-boringssl-static/2.0.65.Final/netty-tcnative-boringssl-static-2.0.65.Final-osx-aarch_64.jar:/home/thor/.cache/coursier/v1/https/repo1.maven.org/maven2/io/netty/netty-tcnative-boringssl-static/2.0.65.Final/netty-tcnative-boringssl-static-2.0.65.Final-windows-x86_64.jar:/home/thor/.cache/coursier/v1/https/repo1.maven.org/maven2/net/sf/saxon/Saxon-HE/10.6/Saxon-HE-10.6.jar:/home/thor/.cache/coursier/v1/https/repo1.maven.org/maven2/org/jodd/jodd-lagarto/6.0.6/jodd-lagarto-6.0.6.jar:/home/thor/.cache/coursier/v1/https/repo1.maven.org/maven2/org/jodd/jodd-util/6.2.2/jodd-util-6.2.2.jar:/home/thor/.cache/coursier/v1/https/repo1.maven.org/maven2/io/burt/jmespath-jackson/0.6.0/jmespath-jackson-0.6.0.jar:/home/thor/.cache/coursier/v1/https/repo1.maven.org/maven2/net/jodah/typetools/0.6.3/typetools-0.6.3.jar:/home/thor/.cache/coursier/v1/https/repo1.maven.org/maven2/io/gatling/gatling-http-client/3.11.5/gatling-http-client-3.11.5.jar:/home/thor/.cache/coursier/v1/https/repo1.maven.org/maven2/javax/jms/javax.jms-api/2.0.1/javax.jms-api-2.0.1.jar:/home/thor/.cache/coursier/v1/https/repo1.maven.org/maven2/com/eatthepath/fast-uuid/0.2.0/fast-uuid-0.2.0.jar:/home/thor/.cache/coursier/v1/https/repo1.maven.org/maven2/net/debasishg/redisclient_2.13/3.42/redisclient_2.13-3.42.jar:/home/thor/.cache/coursier/v1/https/repo1.maven.org/maven2/org/hdrhistogram/HdrHistogram/2.2.1/HdrHistogram-2.2.1.jar:/home/thor/.cache/coursier/v1/https/repo1.maven.org/maven2/com/tdunning/t-digest/3.1/t-digest-3.1.jar:/home/thor/.cache/coursier/v1/https/repo1.maven.org/maven2/com/fasterxml/jackson/core/jackson-annotations/2.17.1/jackson-annotations-2.17.1.jar:/home/thor/.cache/coursier/v1/https/repo1.maven.org/maven2/com/fasterxml/jackson/core/jackson-core/2.17.1/jackson-core-2.17.1.jar:/home/thor/.cache/coursier/v1/https/repo1.maven.org/maven2/io/netty/netty-common/4.1.111.Final/netty-common-4.1.111.Final.jar:/home/thor/.cache/coursier/v1/https/repo1.maven.org/maven2/io/netty/netty-buffer/4.1.111.Final/netty-buffer-4.1.111.Final.jar:/home/thor/.cache/coursier/v1/https/repo1.maven.org/maven2/io/netty/netty-transport/4.1.111.Final/netty-transport-4.1.111.Final.jar:/home/thor/.cache/coursier/v1/https/repo1.maven.org/maven2/io/netty/netty-codec/4.1.111.Final/netty-codec-4.1.111.Final.jar:/home/thor/.cache/coursier/v1/https/repo1.maven.org/maven2/com/typesafe/config/1.4.3/config-1.4.3.jar:/home/thor/.cache/coursier/v1/https/repo1.maven.org/maven2/org/scala-lang/modules/scala-java8-compat_2.13/1.0.0/scala-java8-compat_2.13-1.0.0.jar:/home/thor/.cache/coursier/v1/https/repo1.maven.org/maven2/com/google/code/findbugs/jsr305/3.0.2/jsr305-3.0.2.jar:/home/thor/.cache/coursier/v1/https/repo1.maven.org/maven2/io/gatling/gatling-shared-util_2.13/0.0.8/gatling-shared-util_2.13-0.0.8.jar:/home/thor/.cache/coursier/v1/https/repo1.maven.org/maven2/io/netty/netty-transport-native-epoll/4.1.111.Final/netty-transport-native-epoll-4.1.111.Final-linux-x86_64.jar:/home/thor/.cache/coursier/v1/https/repo1.maven.org/maven2/io/netty/netty-transport-native-epoll/4.1.111.Final/netty-transport-native-epoll-4.1.111.Final-linux-aarch_64.jar:/home/thor/.cache/coursier/v1/https/repo1.maven.org/maven2/io/netty/incubator/netty-incubator-transport-native-io_uring/0.0.25.Final/netty-incubator-transport-native-io_uring-0.0.25.Final-linux-x86_64.jar:/home/thor/.cache/coursier/v1/https/repo1.maven.org/maven2/io/netty/incubator/netty-incubator-transport-native-io_uring/0.0.25.Final/netty-incubator-transport-native-io_uring-0.0.25.Final-linux-aarch_64.jar:/home/thor/.cache/coursier/v1/https/repo1.maven.org/maven2/io/github/metarank/cfor_2.13/0.3/cfor_2.13-0.3.jar:/home/thor/.cache/coursier/v1/https/repo1.maven.org/maven2/org/slf4j/slf4j-api/2.0.13/slf4j-api-2.0.13.jar:/home/thor/.cache/coursier/v1/https/repo1.maven.org/maven2/com/typesafe/scala-logging/scala-logging_2.13/3.9.5/scala-logging_2.13-3.9.5.jar:/home/thor/.cache/coursier/v1/https/repo1.maven.org/maven2/ch/qos/logback/logback-classic/1.5.6/logback-classic-1.5.6.jar:/home/thor/.cache/coursier/v1/https/repo1.maven.org/maven2/io/suzaku/boopickle_2.13/1.3.3/boopickle_2.13-1.3.3.jar:/home/thor/.cache/coursier/v1/https/repo1.maven.org/maven2/org/simpleflatmapper/sfm-util/8.2.3/sfm-util-8.2.3.jar:/home/thor/.cache/coursier/v1/https/repo1.maven.org/maven2/org/checkerframework/checker-qual/3.37.0/checker-qual-3.37.0.jar:/home/thor/.cache/coursier/v1/https/repo1.maven.org/maven2/com/google/errorprone/error_prone_annotations/2.21.1/error_prone_annotations-2.21.1.jar:/home/thor/.cache/coursier/v1/https/repo1.maven.org/maven2/org/unbescape/unbescape/1.1.6.RELEASE/unbescape-1.1.6.RELEASE.jar:/home/thor/.cache/coursier/v1/https/repo1.maven.org/maven2/io/netty/netty-resolver/4.1.111.Final/netty-resolver-4.1.111.Final.jar:/home/thor/.cache/coursier/v1/https/repo1.maven.org/maven2/io/netty/netty-transport-native-unix-common/4.1.111.Final/netty-transport-native-unix-common-4.1.111.Final.jar:/home/thor/.cache/coursier/v1/https/repo1.maven.org/maven2/io/burt/jmespath-core/0.6.0/jmespath-core-0.6.0.jar:/home/thor/.cache/coursier/v1/https/repo1.maven.org/maven2/io/netty/netty-handler-proxy/4.1.111.Final/netty-handler-proxy-4.1.111.Final.jar:/home/thor/.cache/coursier/v1/https/repo1.maven.org/maven2/io/netty/netty-resolver-dns/4.1.111.Final/netty-resolver-dns-4.1.111.Final.jar:/home/thor/.cache/coursier/v1/https/repo1.maven.org/maven2/io/netty/netty-codec-http2/4.1.111.Final/netty-codec-http2-4.1.111.Final.jar:/home/thor/.cache/coursier/v1/https/repo1.maven.org/maven2/io/netty/netty-resolver-dns-native-macos/4.1.111.Final/netty-resolver-dns-native-macos-4.1.111.Final-osx-x86_64.jar:/home/thor/.cache/coursier/v1/https/repo1.maven.org/maven2/io/netty/netty-resolver-dns-native-macos/4.1.111.Final/netty-resolver-dns-native-macos-4.1.111.Final-osx-aarch_64.jar:/home/thor/.cache/coursier/v1/https/repo1.maven.org/maven2/com/aayushatharva/brotli4j/brotli4j/1.16.0/brotli4j-1.16.0.jar:/home/thor/.cache/coursier/v1/https/repo1.maven.org/maven2/com/aayushatharva/brotli4j/native-linux-x86_64/1.16.0/native-linux-x86_64-1.16.0.jar:/home/thor/.cache/coursier/v1/https/repo1.maven.org/maven2/com/aayushatharva/brotli4j/native-linux-aarch64/1.16.0/native-linux-aarch64-1.16.0.jar:/home/thor/.cache/coursier/v1/https/repo1.maven.org/maven2/com/aayushatharva/brotli4j/native-osx-x86_64/1.16.0/native-osx-x86_64-1.16.0.jar:/home/thor/.cache/coursier/v1/https/repo1.maven.org/maven2/com/aayushatharva/brotli4j/native-osx-aarch64/1.16.0/native-osx-aarch64-1.16.0.jar:/home/thor/.cache/coursier/v1/https/repo1.maven.org/maven2/com/aayushatharva/brotli4j/native-windows-x86_64/1.16.0/native-windows-x86_64-1.16.0.jar:/home/thor/.cache/coursier/v1/https/repo1.maven.org/maven2/org/apache/commons/commons-pool2/2.8.0/commons-pool2-2.8.0.jar:/home/thor/.cache/coursier/v1/https/repo1.maven.org/maven2/org/scala-lang/modules/scala-collection-compat_2.13/2.11.0/scala-collection-compat_2.13-2.11.0.jar:/home/thor/.cache/coursier/v1/https/repo1.maven.org/maven2/io/netty/netty-transport-classes-epoll/4.1.111.Final/netty-transport-classes-epoll-4.1.111.Final.jar:/home/thor/.cache/coursier/v1/https/repo1.maven.org/maven2/io/netty/incubator/netty-incubator-transport-classes-io_uring/0.0.25.Final/netty-incubator-transport-classes-io_uring-0.0.25.Final.jar:/home/thor/.cache/coursier/v1/https/repo1.maven.org/maven2/org/scala-lang/scala-reflect/2.13.14/scala-reflect-2.13.14.jar:/home/thor/.cache/coursier/v1/https/repo1.maven.org/maven2/ch/qos/logback/logback-core/1.5.6/logback-core-1.5.6.jar:/home/thor/.cache/coursier/v1/https/repo1.maven.org/maven2/io/netty/netty-codec-socks/4.1.111.Final/netty-codec-socks-4.1.111.Final.jar:/home/thor/.cache/coursier/v1/https/repo1.maven.org/maven2/io/netty/netty-codec-dns/4.1.111.Final/netty-codec-dns-4.1.111.Final.jar:/home/thor/.cache/coursier/v1/https/repo1.maven.org/maven2/io/netty/netty-resolver-dns-classes-macos/4.1.111.Final/netty-resolver-dns-classes-macos-4.1.111.Final.jar:/home/thor/.cache/coursier/v1/https/repo1.maven.org/maven2/com/aayushatharva/brotli4j/service/1.16.0/service-1.16.0.jar:/home/thor/.sbt/boot/scala-2.12.19/org.scala-sbt/sbt/1.10.1/test-agent-1.10.1.jar:/home/thor/.sbt/boot/scala-2.12.19/org.scala-sbt/sbt/1.10.1/test-interface-1.0.jar sbt.ForkMain 41847 failed with exit code 129[0m
